[debug] [2025-08-20T21:12:51.333Z] ----------------------------------------------------------------------
[debug] [2025-08-20T21:12:51.335Z] Command:       /usr/local/bin/firebase /Users/mustafatalhaboz/.cache/firebase/tools/lib/node_modules/firebase-tools/lib/bin/firebase projects:list
[debug] [2025-08-20T21:12:51.336Z] CLI Version:   11.15.0
[debug] [2025-08-20T21:12:51.336Z] Platform:      darwin
[debug] [2025-08-20T21:12:51.336Z] Node Version:  v16.16.0
[debug] [2025-08-20T21:12:51.338Z] Time:          Thu Aug 21 2025 00:12:51 GMT+0300 (GMT+03:00)
[debug] [2025-08-20T21:12:51.339Z] ----------------------------------------------------------------------
[debug] 
[debug] [2025-08-20T21:12:51.351Z] >>> [apiv2][query] GET https://firebase-public.firebaseio.com/cli.json [none]
[debug] [2025-08-20T21:12:51.374Z] > command requires scopes: ["email","openid","https://www.googleapis.com/auth/cloudplatformprojects.readonly","https://www.googleapis.com/auth/firebase","https://www.googleapis.com/auth/cloud-platform"]
[debug] [2025-08-20T21:12:51.375Z] > authorizing via signed-in user (bozmustafatalha@gmail.com)
[debug] [2025-08-20T21:12:51.378Z] > refreshing access token with scopes: []
[debug] [2025-08-20T21:12:51.384Z] >>> [apiv2][query] POST https://www.googleapis.com/oauth2/v3/token [none]
[debug] [2025-08-20T21:12:51.385Z] >>> [apiv2][body] POST https://www.googleapis.com/oauth2/v3/token [omitted]
[debug] [2025-08-20T21:12:51.636Z] <<< [apiv2][status] POST https://www.googleapis.com/oauth2/v3/token 400
[debug] [2025-08-20T21:12:51.639Z] <<< [apiv2][body] POST https://www.googleapis.com/oauth2/v3/token [omitted]
[debug] [2025-08-20T21:12:51.640Z] >>> [apiv2][query] GET https://firebase.googleapis.com/v1beta1/projects pageSize=1000
[debug] [2025-08-20T21:12:51.844Z] <<< [apiv2][status] GET https://firebase.googleapis.com/v1beta1/projects 401
[debug] [2025-08-20T21:12:51.847Z] <<< [apiv2][body] GET https://firebase.googleapis.com/v1beta1/projects [omitted]
[debug] [2025-08-20T21:12:51.849Z] HTTP Error: 401, Request had invalid authentication credentials. Expected OAuth 2 access token, login cookie or other valid authentication credential. See https://developers.google.com/identity/sign-in/web/devconsole-project.
[debug] [2025-08-20T21:12:51.874Z] <<< [apiv2][status] GET https://firebase-public.firebaseio.com/cli.json 200
[debug] [2025-08-20T21:12:51.875Z] <<< [apiv2][body] GET https://firebase-public.firebaseio.com/cli.json {"cloudBuildErrorAfter":1594252800000,"cloudBuildWarnAfter":1590019200000,"defaultNode10After":1594252800000,"minVersion":"3.0.5","node8DeploysDisabledAfter":1613390400000,"node8RuntimeDisabledAfter":1615809600000,"node8WarnAfter":1600128000000}
[debug] [2025-08-20T21:12:52.047Z] FirebaseError: HTTP Error: 401, Request had invalid authentication credentials. Expected OAuth 2 access token, login cookie or other valid authentication credential. See https://developers.google.com/identity/sign-in/web/devconsole-project.
    at responseToError (/Users/mustafatalhaboz/.cache/firebase/tools/lib/node_modules/firebase-tools/lib/responseToError.js:49:12)
    at RetryOperation._fn (/Users/mustafatalhaboz/.cache/firebase/tools/lib/node_modules/firebase-tools/lib/apiv2.js:288:77)
    at processTicksAndRejections (node:internal/process/task_queues:96:5)
[error] 
[error] Error: Failed to list Firebase projects. See firebase-debug.log for more info.
